{"/Users/mac/Documents/dev/Test_Technic/test1/src/App.js": {"path":"/Users/mac/Documents/dev/Test_Technic/test1/src/App.js","statementMap":{"0":{"start":{"line":6,"column":4},"end":{"line":10,"column":6}}},"fnMap":{"0":{"name":"App","decl":{"start":{"line":5,"column":9},"end":{"line":5,"column":12}},"loc":{"start":{"line":5,"column":15},"end":{"line":11,"column":1}},"line":5}},"branchMap":{},"s":{"0":1},"f":{"0":1},"b":{},"_coverageSchema":"43e27e138ebf9cfc5966b082cf9a028302ed4184","hash":"5f42c790aa2667e8b1a2a0704ef81642b873276a"}
,"/Users/mac/Documents/dev/Test_Technic/test1/src/index.js": {"path":"/Users/mac/Documents/dev/Test_Technic/test1/src/index.js","statementMap":{"0":{"start":{"line":6,"column":0},"end":{"line":6,"column":58}},"1":{"start":{"line":11,"column":0},"end":{"line":11,"column":27}}},"fnMap":{},"branchMap":{},"s":{"0":0,"1":0},"f":{},"b":{},"hash":"b15b958197f5e5ea890ac4a8a392b7d56d3b5bc4"}
,"/Users/mac/Documents/dev/Test_Technic/test1/src/serviceWorker.js": {"path":"/Users/mac/Documents/dev/Test_Technic/test1/src/serviceWorker.js","statementMap":{"0":{"start":{"line":13,"column":20},"end":{"line":21,"column":1}},"1":{"start":{"line":24,"column":2},"end":{"line":54,"column":3}},"2":{"start":{"line":26,"column":22},"end":{"line":26,"column":75}},"3":{"start":{"line":27,"column":4},"end":{"line":32,"column":5}},"4":{"start":{"line":31,"column":6},"end":{"line":31,"column":13}},"5":{"start":{"line":34,"column":4},"end":{"line":53,"column":7}},"6":{"start":{"line":35,"column":20},"end":{"line":35,"column":65}},"7":{"start":{"line":37,"column":6},"end":{"line":52,"column":7}},"8":{"start":{"line":39,"column":8},"end":{"line":39,"column":47}},"9":{"start":{"line":43,"column":8},"end":{"line":48,"column":11}},"10":{"start":{"line":44,"column":10},"end":{"line":47,"column":12}},"11":{"start":{"line":51,"column":8},"end":{"line":51,"column":39}},"12":{"start":{"line":58,"column":2},"end":{"line":98,"column":7}},"13":{"start":{"line":61,"column":6},"end":{"line":94,"column":8}},"14":{"start":{"line":62,"column":33},"end":{"line":62,"column":56}},"15":{"start":{"line":63,"column":8},"end":{"line":65,"column":9}},"16":{"start":{"line":64,"column":10},"end":{"line":64,"column":17}},"17":{"start":{"line":66,"column":8},"end":{"line":93,"column":10}},"18":{"start":{"line":67,"column":10},"end":{"line":92,"column":11}},"19":{"start":{"line":68,"column":12},"end":{"line":91,"column":13}},"20":{"start":{"line":72,"column":14},"end":{"line":75,"column":16}},"21":{"start":{"line":78,"column":14},"end":{"line":80,"column":15}},"22":{"start":{"line":79,"column":16},"end":{"line":79,"column":46}},"23":{"start":{"line":85,"column":14},"end":{"line":85,"column":64}},"24":{"start":{"line":88,"column":14},"end":{"line":90,"column":15}},"25":{"start":{"line":89,"column":16},"end":{"line":89,"column":47}},"26":{"start":{"line":97,"column":6},"end":{"line":97,"column":72}},"27":{"start":{"line":103,"column":2},"end":{"line":126,"column":7}},"28":{"start":{"line":106,"column":26},"end":{"line":106,"column":62}},"29":{"start":{"line":107,"column":6},"end":{"line":120,"column":7}},"30":{"start":{"line":112,"column":8},"end":{"line":116,"column":11}},"31":{"start":{"line":113,"column":10},"end":{"line":115,"column":13}},"32":{"start":{"line":114,"column":12},"end":{"line":114,"column":37}},"33":{"start":{"line":119,"column":8},"end":{"line":119,"column":39}},"34":{"start":{"line":123,"column":6},"end":{"line":125,"column":8}},"35":{"start":{"line":130,"column":2},"end":{"line":134,"column":3}},"36":{"start":{"line":131,"column":4},"end":{"line":133,"column":7}},"37":{"start":{"line":132,"column":6},"end":{"line":132,"column":32}}},"fnMap":{"0":{"name":"register","decl":{"start":{"line":23,"column":16},"end":{"line":23,"column":24}},"loc":{"start":{"line":23,"column":33},"end":{"line":55,"column":1}},"line":23},"1":{"name":"(anonymous_1)","decl":{"start":{"line":34,"column":36},"end":{"line":34,"column":37}},"loc":{"start":{"line":34,"column":42},"end":{"line":53,"column":5}},"line":34},"2":{"name":"(anonymous_2)","decl":{"start":{"line":43,"column":43},"end":{"line":43,"column":44}},"loc":{"start":{"line":43,"column":49},"end":{"line":48,"column":9}},"line":43},"3":{"name":"registerValidSW","decl":{"start":{"line":57,"column":9},"end":{"line":57,"column":24}},"loc":{"start":{"line":57,"column":40},"end":{"line":99,"column":1}},"line":57},"4":{"name":"(anonymous_4)","decl":{"start":{"line":60,"column":10},"end":{"line":60,"column":11}},"loc":{"start":{"line":60,"column":26},"end":{"line":95,"column":5}},"line":60},"5":{"name":"(anonymous_5)","decl":{"start":{"line":61,"column":35},"end":{"line":61,"column":36}},"loc":{"start":{"line":61,"column":41},"end":{"line":94,"column":7}},"line":61},"6":{"name":"(anonymous_6)","decl":{"start":{"line":66,"column":41},"end":{"line":66,"column":42}},"loc":{"start":{"line":66,"column":47},"end":{"line":93,"column":9}},"line":66},"7":{"name":"(anonymous_7)","decl":{"start":{"line":96,"column":11},"end":{"line":96,"column":12}},"loc":{"start":{"line":96,"column":20},"end":{"line":98,"column":5}},"line":96},"8":{"name":"checkValidServiceWorker","decl":{"start":{"line":101,"column":9},"end":{"line":101,"column":32}},"loc":{"start":{"line":101,"column":48},"end":{"line":127,"column":1}},"line":101},"9":{"name":"(anonymous_9)","decl":{"start":{"line":104,"column":10},"end":{"line":104,"column":11}},"loc":{"start":{"line":104,"column":22},"end":{"line":121,"column":5}},"line":104},"10":{"name":"(anonymous_10)","decl":{"start":{"line":112,"column":43},"end":{"line":112,"column":44}},"loc":{"start":{"line":112,"column":59},"end":{"line":116,"column":9}},"line":112},"11":{"name":"(anonymous_11)","decl":{"start":{"line":113,"column":41},"end":{"line":113,"column":42}},"loc":{"start":{"line":113,"column":47},"end":{"line":115,"column":11}},"line":113},"12":{"name":"(anonymous_12)","decl":{"start":{"line":122,"column":11},"end":{"line":122,"column":12}},"loc":{"start":{"line":122,"column":17},"end":{"line":126,"column":5}},"line":122},"13":{"name":"unregister","decl":{"start":{"line":129,"column":16},"end":{"line":129,"column":26}},"loc":{"start":{"line":129,"column":29},"end":{"line":135,"column":1}},"line":129},"14":{"name":"(anonymous_14)","decl":{"start":{"line":131,"column":39},"end":{"line":131,"column":40}},"loc":{"start":{"line":131,"column":55},"end":{"line":133,"column":5}},"line":131}},"branchMap":{"0":{"loc":{"start":{"line":14,"column":2},"end":{"line":20,"column":5}},"type":"binary-expr","locations":[{"start":{"line":14,"column":2},"end":{"line":14,"column":42}},{"start":{"line":16,"column":4},"end":{"line":16,"column":40}},{"start":{"line":18,"column":4},"end":{"line":20,"column":5}}],"line":14},"1":{"loc":{"start":{"line":24,"column":2},"end":{"line":54,"column":3}},"type":"if","locations":[{"start":{"line":24,"column":2},"end":{"line":54,"column":3}},{"start":{"line":24,"column":2},"end":{"line":54,"column":3}}],"line":24},"2":{"loc":{"start":{"line":24,"column":6},"end":{"line":24,"column":75}},"type":"binary-expr","locations":[{"start":{"line":24,"column":6},"end":{"line":24,"column":43}},{"start":{"line":24,"column":47},"end":{"line":24,"column":75}}],"line":24},"3":{"loc":{"start":{"line":27,"column":4},"end":{"line":32,"column":5}},"type":"if","locations":[{"start":{"line":27,"column":4},"end":{"line":32,"column":5}},{"start":{"line":27,"column":4},"end":{"line":32,"column":5}}],"line":27},"4":{"loc":{"start":{"line":37,"column":6},"end":{"line":52,"column":7}},"type":"if","locations":[{"start":{"line":37,"column":6},"end":{"line":52,"column":7}},{"start":{"line":37,"column":6},"end":{"line":52,"column":7}}],"line":37},"5":{"loc":{"start":{"line":63,"column":8},"end":{"line":65,"column":9}},"type":"if","locations":[{"start":{"line":63,"column":8},"end":{"line":65,"column":9}},{"start":{"line":63,"column":8},"end":{"line":65,"column":9}}],"line":63},"6":{"loc":{"start":{"line":67,"column":10},"end":{"line":92,"column":11}},"type":"if","locations":[{"start":{"line":67,"column":10},"end":{"line":92,"column":11}},{"start":{"line":67,"column":10},"end":{"line":92,"column":11}}],"line":67},"7":{"loc":{"start":{"line":68,"column":12},"end":{"line":91,"column":13}},"type":"if","locations":[{"start":{"line":68,"column":12},"end":{"line":91,"column":13}},{"start":{"line":68,"column":12},"end":{"line":91,"column":13}}],"line":68},"8":{"loc":{"start":{"line":78,"column":14},"end":{"line":80,"column":15}},"type":"if","locations":[{"start":{"line":78,"column":14},"end":{"line":80,"column":15}},{"start":{"line":78,"column":14},"end":{"line":80,"column":15}}],"line":78},"9":{"loc":{"start":{"line":78,"column":18},"end":{"line":78,"column":43}},"type":"binary-expr","locations":[{"start":{"line":78,"column":18},"end":{"line":78,"column":24}},{"start":{"line":78,"column":28},"end":{"line":78,"column":43}}],"line":78},"10":{"loc":{"start":{"line":88,"column":14},"end":{"line":90,"column":15}},"type":"if","locations":[{"start":{"line":88,"column":14},"end":{"line":90,"column":15}},{"start":{"line":88,"column":14},"end":{"line":90,"column":15}}],"line":88},"11":{"loc":{"start":{"line":88,"column":18},"end":{"line":88,"column":44}},"type":"binary-expr","locations":[{"start":{"line":88,"column":18},"end":{"line":88,"column":24}},{"start":{"line":88,"column":28},"end":{"line":88,"column":44}}],"line":88},"12":{"loc":{"start":{"line":107,"column":6},"end":{"line":120,"column":7}},"type":"if","locations":[{"start":{"line":107,"column":6},"end":{"line":120,"column":7}},{"start":{"line":107,"column":6},"end":{"line":120,"column":7}}],"line":107},"13":{"loc":{"start":{"line":108,"column":8},"end":{"line":109,"column":73}},"type":"binary-expr","locations":[{"start":{"line":108,"column":8},"end":{"line":108,"column":31}},{"start":{"line":109,"column":9},"end":{"line":109,"column":28}},{"start":{"line":109,"column":32},"end":{"line":109,"column":72}}],"line":108},"14":{"loc":{"start":{"line":130,"column":2},"end":{"line":134,"column":3}},"type":"if","locations":[{"start":{"line":130,"column":2},"end":{"line":134,"column":3}},{"start":{"line":130,"column":2},"end":{"line":134,"column":3}}],"line":130}},"s":{"0":0,"1":0,"2":0,"3":0,"4":0,"5":0,"6":0,"7":0,"8":0,"9":0,"10":0,"11":0,"12":0,"13":0,"14":0,"15":0,"16":0,"17":0,"18":0,"19":0,"20":0,"21":0,"22":0,"23":0,"24":0,"25":0,"26":0,"27":0,"28":0,"29":0,"30":0,"31":0,"32":0,"33":0,"34":0,"35":0,"36":0,"37":0},"f":{"0":0,"1":0,"2":0,"3":0,"4":0,"5":0,"6":0,"7":0,"8":0,"9":0,"10":0,"11":0,"12":0,"13":0,"14":0},"b":{"0":[0,0,0],"1":[0,0],"2":[0,0],"3":[0,0],"4":[0,0],"5":[0,0],"6":[0,0],"7":[0,0],"8":[0,0],"9":[0,0],"10":[0,0],"11":[0,0],"12":[0,0],"13":[0,0,0],"14":[0,0]},"hash":"e5eef2b14f25f5dcebaceb4e4f39787a02986eec"}
,"/Users/mac/Documents/dev/Test_Technic/test1/src/components/shared/Button.jsx": {"path":"/Users/mac/Documents/dev/Test_Technic/test1/src/components/shared/Button.jsx","statementMap":{"0":{"start":{"line":8,"column":4},"end":{"line":8,"column":17}},"1":{"start":{"line":10,"column":4},"end":{"line":10,"column":20}},"2":{"start":{"line":20,"column":8},"end":{"line":20,"column":18}},"3":{"start":{"line":21,"column":4},"end":{"line":31,"column":6}},"4":{"start":{"line":25,"column":25},"end":{"line":25,"column":40}},"5":{"start":{"line":35,"column":0},"end":{"line":41,"column":2}},"6":{"start":{"line":44,"column":0},"end":{"line":50,"column":2}},"7":{"start":{"line":49,"column":23},"end":{"line":49,"column":27}}},"fnMap":{"0":{"name":"(anonymous_0)","decl":{"start":{"line":7,"column":2},"end":{"line":7,"column":3}},"loc":{"start":{"line":7,"column":21},"end":{"line":11,"column":3}},"line":7},"1":{"name":"(anonymous_1)","decl":{"start":{"line":13,"column":2},"end":{"line":13,"column":3}},"loc":{"start":{"line":13,"column":11},"end":{"line":32,"column":3}},"line":13},"2":{"name":"(anonymous_2)","decl":{"start":{"line":25,"column":19},"end":{"line":25,"column":20}},"loc":{"start":{"line":25,"column":25},"end":{"line":25,"column":40}},"line":25},"3":{"name":"(anonymous_3)","decl":{"start":{"line":49,"column":17},"end":{"line":49,"column":18}},"loc":{"start":{"line":49,"column":23},"end":{"line":49,"column":27}},"line":49}},"branchMap":{},"s":{"0":1,"1":1,"2":1,"3":1,"4":0,"5":1,"6":1,"7":0},"f":{"0":1,"1":1,"2":0,"3":0},"b":{},"_coverageSchema":"43e27e138ebf9cfc5966b082cf9a028302ed4184","hash":"f26995dec9a43967898af0e66e0ef3b4aab979c4"}
,"/Users/mac/Documents/dev/Test_Technic/test1/src/components/shared/CustomInput.jsx": {"path":"/Users/mac/Documents/dev/Test_Technic/test1/src/components/shared/CustomInput.jsx","statementMap":{"0":{"start":{"line":7,"column":4},"end":{"line":7,"column":17}},"1":{"start":{"line":9,"column":4},"end":{"line":9,"column":20}},"2":{"start":{"line":13,"column":43},"end":{"line":13,"column":53}},"3":{"start":{"line":14,"column":4},"end":{"line":23,"column":6}},"4":{"start":{"line":20,"column":29},"end":{"line":20,"column":48}},"5":{"start":{"line":27,"column":0},"end":{"line":31,"column":2}},"6":{"start":{"line":34,"column":0},"end":{"line":38,"column":2}},"7":{"start":{"line":37,"column":25},"end":{"line":37,"column":29}}},"fnMap":{"0":{"name":"(anonymous_0)","decl":{"start":{"line":6,"column":2},"end":{"line":6,"column":3}},"loc":{"start":{"line":6,"column":21},"end":{"line":10,"column":3}},"line":6},"1":{"name":"(anonymous_1)","decl":{"start":{"line":12,"column":2},"end":{"line":12,"column":3}},"loc":{"start":{"line":12,"column":11},"end":{"line":24,"column":3}},"line":12},"2":{"name":"(anonymous_2)","decl":{"start":{"line":20,"column":20},"end":{"line":20,"column":21}},"loc":{"start":{"line":20,"column":29},"end":{"line":20,"column":48}},"line":20},"3":{"name":"(anonymous_3)","decl":{"start":{"line":37,"column":16},"end":{"line":37,"column":17}},"loc":{"start":{"line":37,"column":25},"end":{"line":37,"column":29}},"line":37}},"branchMap":{},"s":{"0":1,"1":1,"2":1,"3":1,"4":0,"5":1,"6":1,"7":0},"f":{"0":1,"1":1,"2":0,"3":0},"b":{},"_coverageSchema":"43e27e138ebf9cfc5966b082cf9a028302ed4184","hash":"2c626104929212b6bd37fd19289331ea84bd5403"}
,"/Users/mac/Documents/dev/Test_Technic/test1/src/data/static.js": {"path":"/Users/mac/Documents/dev/Test_Technic/test1/src/data/static.js","statementMap":{"0":{"start":{"line":1,"column":17},"end":{"line":11,"column":1}}},"fnMap":{},"branchMap":{},"s":{"0":1},"f":{},"b":{},"_coverageSchema":"43e27e138ebf9cfc5966b082cf9a028302ed4184","hash":"81a9301d616fa57c351d1a8a4b95437a55f5a92b"}
,"/Users/mac/Documents/dev/Test_Technic/test1/src/helpers/UserHelper.jsx": {"path":"/Users/mac/Documents/dev/Test_Technic/test1/src/helpers/UserHelper.jsx","statementMap":{"0":{"start":{"line":2,"column":4},"end":{"line":15,"column":11}},"1":{"start":{"line":4,"column":12},"end":{"line":8,"column":13}},"2":{"start":{"line":5,"column":16},"end":{"line":5,"column":49}},"3":{"start":{"line":7,"column":16},"end":{"line":7,"column":49}},"4":{"start":{"line":11,"column":12},"end":{"line":14,"column":14}},"5":{"start":{"line":18,"column":26},"end":{"line":20,"column":1}}},"fnMap":{"0":{"name":"handleRecoveryPasswordResponse","decl":{"start":{"line":1,"column":9},"end":{"line":1,"column":39}},"loc":{"start":{"line":1,"column":50},"end":{"line":16,"column":1}},"line":1},"1":{"name":"(anonymous_1)","decl":{"start":{"line":3,"column":14},"end":{"line":3,"column":15}},"loc":{"start":{"line":3,"column":21},"end":{"line":9,"column":9}},"line":3},"2":{"name":"(anonymous_2)","decl":{"start":{"line":10,"column":15},"end":{"line":10,"column":16}},"loc":{"start":{"line":10,"column":22},"end":{"line":15,"column":9}},"line":10}},"branchMap":{"0":{"loc":{"start":{"line":4,"column":12},"end":{"line":8,"column":13}},"type":"if","locations":[{"start":{"line":4,"column":12},"end":{"line":8,"column":13}},{"start":{"line":4,"column":12},"end":{"line":8,"column":13}}],"line":4}},"s":{"0":0,"1":0,"2":0,"3":0,"4":0,"5":1},"f":{"0":0,"1":0,"2":0},"b":{"0":[0,0]},"_coverageSchema":"43e27e138ebf9cfc5966b082cf9a028302ed4184","hash":"11c22e5016b6ae61a1d3e24a3499a9b4672bf207"}
,"/Users/mac/Documents/dev/Test_Technic/test1/src/pages/ResetPassword.jsx": {"path":"/Users/mac/Documents/dev/Test_Technic/test1/src/pages/ResetPassword.jsx","statementMap":{"0":{"start":{"line":12,"column":2},"end":{"line":12,"column":15}},"1":{"start":{"line":14,"column":2},"end":{"line":16,"column":4}},"2":{"start":{"line":20,"column":16},"end":{"line":20,"column":34}},"3":{"start":{"line":21,"column":2},"end":{"line":23,"column":5}},"4":{"start":{"line":27,"column":2},"end":{"line":27,"column":25}},"5":{"start":{"line":28,"column":18},"end":{"line":28,"column":39}},"6":{"start":{"line":29,"column":19},"end":{"line":29,"column":56}},"7":{"start":{"line":30,"column":2},"end":{"line":30,"column":54}},"8":{"start":{"line":34,"column":25},"end":{"line":34,"column":35}},"9":{"start":{"line":35,"column":2},"end":{"line":67,"column":4}},"10":{"start":{"line":46,"column":25},"end":{"line":46,"column":49}},"11":{"start":{"line":52,"column":8},"end":{"line":52,"column":42}}},"fnMap":{"0":{"name":"(anonymous_0)","decl":{"start":{"line":11,"column":1},"end":{"line":11,"column":2}},"loc":{"start":{"line":11,"column":20},"end":{"line":17,"column":2}},"line":11},"1":{"name":"(anonymous_1)","decl":{"start":{"line":19,"column":1},"end":{"line":19,"column":2}},"loc":{"start":{"line":19,"column":31},"end":{"line":24,"column":2}},"line":19},"2":{"name":"(anonymous_2)","decl":{"start":{"line":26,"column":1},"end":{"line":26,"column":2}},"loc":{"start":{"line":26,"column":21},"end":{"line":31,"column":2}},"line":26},"3":{"name":"(anonymous_3)","decl":{"start":{"line":33,"column":1},"end":{"line":33,"column":2}},"loc":{"start":{"line":33,"column":10},"end":{"line":68,"column":2}},"line":33},"4":{"name":"(anonymous_4)","decl":{"start":{"line":46,"column":16},"end":{"line":46,"column":17}},"loc":{"start":{"line":46,"column":25},"end":{"line":46,"column":49}},"line":46},"5":{"name":"(anonymous_5)","decl":{"start":{"line":51,"column":21},"end":{"line":51,"column":22}},"loc":{"start":{"line":52,"column":8},"end":{"line":52,"column":42}},"line":52}},"branchMap":{},"s":{"0":1,"1":1,"2":0,"3":0,"4":0,"5":0,"6":0,"7":0,"8":1,"9":1,"10":0,"11":0},"f":{"0":1,"1":0,"2":0,"3":1,"4":0,"5":0},"b":{},"_coverageSchema":"43e27e138ebf9cfc5966b082cf9a028302ed4184","hash":"8471e01fb74601eea231e2e8b55c01401c8e3164"}
,"/Users/mac/Documents/dev/Test_Technic/test1/src/routes/Routes.jsx": {"path":"/Users/mac/Documents/dev/Test_Technic/test1/src/routes/Routes.jsx","statementMap":{"0":{"start":{"line":5,"column":16},"end":{"line":15,"column":1}},"1":{"start":{"line":6,"column":4},"end":{"line":14,"column":6}}},"fnMap":{"0":{"name":"(anonymous_0)","decl":{"start":{"line":5,"column":16},"end":{"line":5,"column":17}},"loc":{"start":{"line":5,"column":22},"end":{"line":15,"column":1}},"line":5}},"branchMap":{},"s":{"0":1,"1":1},"f":{"0":1},"b":{},"_coverageSchema":"43e27e138ebf9cfc5966b082cf9a028302ed4184","hash":"cdbb6f5ba2f3ac7c575c16ab8cfbf8f7caf92fe6"}
,"/Users/mac/Documents/dev/Test_Technic/test1/src/services/Request.js": {"path":"/Users/mac/Documents/dev/Test_Technic/test1/src/services/Request.js","statementMap":{"0":{"start":{"line":4,"column":17},"end":{"line":4,"column":31}},"1":{"start":{"line":6,"column":16},"end":{"line":37,"column":1}},"2":{"start":{"line":8,"column":8},"end":{"line":35,"column":11}},"3":{"start":{"line":9,"column":12},"end":{"line":34,"column":19}},"4":{"start":{"line":23,"column":20},"end":{"line":23,"column":40}},"5":{"start":{"line":27,"column":20},"end":{"line":29,"column":21}},"6":{"start":{"line":28,"column":24},"end":{"line":28,"column":57}},"7":{"start":{"line":30,"column":20},"end":{"line":30,"column":33}},"8":{"start":{"line":33,"column":20},"end":{"line":33,"column":32}}},"fnMap":{"0":{"name":"(anonymous_0)","decl":{"start":{"line":7,"column":4},"end":{"line":7,"column":5}},"loc":{"start":{"line":7,"column":58},"end":{"line":36,"column":5}},"line":7},"1":{"name":"(anonymous_1)","decl":{"start":{"line":8,"column":27},"end":{"line":8,"column":28}},"loc":{"start":{"line":8,"column":48},"end":{"line":35,"column":9}},"line":8},"2":{"name":"(anonymous_2)","decl":{"start":{"line":22,"column":32},"end":{"line":22,"column":33}},"loc":{"start":{"line":22,"column":49},"end":{"line":24,"column":17}},"line":22},"3":{"name":"(anonymous_3)","decl":{"start":{"line":26,"column":22},"end":{"line":26,"column":23}},"loc":{"start":{"line":26,"column":29},"end":{"line":31,"column":17}},"line":26},"4":{"name":"(anonymous_4)","decl":{"start":{"line":32,"column":23},"end":{"line":32,"column":24}},"loc":{"start":{"line":32,"column":30},"end":{"line":34,"column":17}},"line":32}},"branchMap":{"0":{"loc":{"start":{"line":7,"column":28},"end":{"line":7,"column":40}},"type":"default-arg","locations":[{"start":{"line":7,"column":38},"end":{"line":7,"column":40}}],"line":7},"1":{"loc":{"start":{"line":7,"column":42},"end":{"line":7,"column":56}},"type":"default-arg","locations":[{"start":{"line":7,"column":52},"end":{"line":7,"column":56}}],"line":7},"2":{"loc":{"start":{"line":15,"column":21},"end":{"line":15,"column":57}},"type":"cond-expr","locations":[{"start":{"line":15,"column":39},"end":{"line":15,"column":52}},{"start":{"line":15,"column":55},"end":{"line":15,"column":57}}],"line":15},"3":{"loc":{"start":{"line":16,"column":21},"end":{"line":16,"column":59}},"type":"cond-expr","locations":[{"start":{"line":16,"column":40},"end":{"line":16,"column":54}},{"start":{"line":16,"column":57},"end":{"line":16,"column":59}}],"line":16},"4":{"loc":{"start":{"line":27,"column":20},"end":{"line":29,"column":21}},"type":"if","locations":[{"start":{"line":27,"column":20},"end":{"line":29,"column":21}},{"start":{"line":27,"column":20},"end":{"line":29,"column":21}}],"line":27},"5":{"loc":{"start":{"line":27,"column":24},"end":{"line":27,"column":42}},"type":"binary-expr","locations":[{"start":{"line":27,"column":24},"end":{"line":27,"column":27}},{"start":{"line":27,"column":31},"end":{"line":27,"column":42}}],"line":27}},"s":{"0":1,"1":1,"2":0,"3":0,"4":0,"5":0,"6":0,"7":0,"8":0},"f":{"0":0,"1":0,"2":0,"3":0,"4":0},"b":{"0":[0],"1":[0],"2":[0,0],"3":[0,0],"4":[0,0],"5":[0,0]},"_coverageSchema":"43e27e138ebf9cfc5966b082cf9a028302ed4184","hash":"f1d7dcb102d21978761df67d72158315c71d2ab8"}
,"/Users/mac/Documents/dev/Test_Technic/test1/src/services/UserService.js": {"path":"/Users/mac/Documents/dev/Test_Technic/test1/src/services/UserService.js","statementMap":{"0":{"start":{"line":3,"column":20},"end":{"line":44,"column":1}},"1":{"start":{"line":8,"column":26},"end":{"line":10,"column":9}},"2":{"start":{"line":12,"column":8},"end":{"line":42,"column":9}},"3":{"start":{"line":13,"column":24},"end":{"line":13,"column":78}},"4":{"start":{"line":14,"column":27},"end":{"line":14,"column":29}},"5":{"start":{"line":16,"column":12},"end":{"line":37,"column":13}},"6":{"start":{"line":18,"column":20},"end":{"line":21,"column":22}},"7":{"start":{"line":22,"column":20},"end":{"line":22,"column":26}},"8":{"start":{"line":24,"column":20},"end":{"line":27,"column":22}},"9":{"start":{"line":28,"column":20},"end":{"line":28,"column":26}},"10":{"start":{"line":31,"column":20},"end":{"line":35,"column":22}},"11":{"start":{"line":36,"column":20},"end":{"line":36,"column":26}},"12":{"start":{"line":39,"column":12},"end":{"line":39,"column":45}},"13":{"start":{"line":41,"column":12},"end":{"line":41,"column":37}}},"fnMap":{"0":{"name":"(anonymous_0)","decl":{"start":{"line":7,"column":4},"end":{"line":7,"column":5}},"loc":{"start":{"line":7,"column":36},"end":{"line":43,"column":5}},"line":7}},"branchMap":{"0":{"loc":{"start":{"line":16,"column":12},"end":{"line":37,"column":13}},"type":"switch","locations":[{"start":{"line":17,"column":16},"end":{"line":22,"column":26}},{"start":{"line":23,"column":16},"end":{"line":28,"column":26}},{"start":{"line":29,"column":16},"end":{"line":36,"column":26}}],"line":16}},"s":{"0":1,"1":0,"2":0,"3":0,"4":0,"5":0,"6":0,"7":0,"8":0,"9":0,"10":0,"11":0,"12":0,"13":0},"f":{"0":0},"b":{"0":[0,0,0]},"_coverageSchema":"43e27e138ebf9cfc5966b082cf9a028302ed4184","hash":"95b20a325765800bb260e7f3aa0e45ee91d4f076"}
,"/Users/mac/Documents/dev/Test_Technic/test1/src/utils/config.js": {"path":"/Users/mac/Documents/dev/Test_Technic/test1/src/utils/config.js","statementMap":{},"fnMap":{},"branchMap":{},"s":{},"f":{},"b":{},"_coverageSchema":"43e27e138ebf9cfc5966b082cf9a028302ed4184","hash":"9737b80272a8459b8535060eeb6207e9aef65624"}
,"/Users/mac/Documents/dev/Test_Technic/test1/src/utils/variables.js": {"path":"/Users/mac/Documents/dev/Test_Technic/test1/src/utils/variables.js","statementMap":{"0":{"start":{"line":1,"column":15},"end":{"line":6,"column":1}}},"fnMap":{},"branchMap":{},"s":{"0":1},"f":{},"b":{},"_coverageSchema":"43e27e138ebf9cfc5966b082cf9a028302ed4184","hash":"50685776120a780ce9149d1d0adabaa932742755"}
}
